Arguments: 
  /usr/local/bin/node /usr/local/bin/yarn

PATH: 
  /Users/mypcr/.sdkman/candidates/gradle/current/bin:/Users/mypcr/google-cloud-sdk/bin:/usr/local/bin:/usr/bin:/bin:/usr/sbin:/sbin:/Library/Apple/usr/bin:/Users/mypcr/Library/Android/sdk/platform-tools:/Users/mypcr/Library/Android/sdk

Yarn version: 
  1.22.11

Node version: 
  14.15.0

Platform: 
  darwin x64

Trace: 
  SyntaxError: /Users/mypcr/Desktop/sites/pinto/package.json: Unexpected token < in JSON at position 1700
      at JSON.parse (<anonymous>)
      at /usr/local/lib/node_modules/yarn/lib/cli.js:1625:59
      at Generator.next (<anonymous>)
      at step (/usr/local/lib/node_modules/yarn/lib/cli.js:310:30)
      at /usr/local/lib/node_modules/yarn/lib/cli.js:321:13

npm manifest: 
  {
    "main": "index.js",
    "scripts": {
      "start": "expo start",
      "android": "expo start --android",
      "ios": "expo start --ios",
      "web": "expo start --web",
      "eject": "expo eject",
      "clean": "watchman watch-del-all && rm -rf ./node_modules && rm -rf ./.expo && yarn && rm -rf /tmp/metro-* && yarn ios"
    },
    "dependencies": {
      "@expo/vector-icons": "^12.0.0",
      "@expo/webpack-config": "~0.16.2",
      "@react-native-async-storage/async-storage": "~1.15.0",
      "@react-native-community/masked-view": "0.1.10",
      "@react-native-community/picker": "^1.8.1",
      "@react-navigation/bottom-tabs": "^5.11.2",
      "@react-navigation/material-top-tabs": "^5.3.15",
      "@react-navigation/native": "^5.8.10",
      "@react-navigation/stack": "^5.12.8",
      "add": "^2.0.6",
      "expo": "^44.0.0",
      "expo-barcode-scanner": "~11.2.0",
      "expo-crypto": "~10.1.1",
      "expo-file-system": "~13.1.4",
      "expo-font": "~10.0.4",
      "expo-haptics": "~11.1.0",
      "expo-intent-launcher": "~10.1.0",
      "expo-permissions": "~13.1.0",
      "expo-status-bar": "~1.2.0",
      "expo-updates": "~0.11.6",
      "firebase": "7.9.0",
      "lottie-ios": "^3.0.3",
      "lottie-react-native": "5.0.1",
      "moment": "^2.29.1",
      "native-base": "^2.15.2",
      "omise-react-native": "^0.1.0",
      "react": "17.0.1",
      "react-dom": "17.0.1",
      "react-load-script": "^0.0.6",
      "react-native": "0.64.3",
      "react-native-animatable": "^1.3.3",
      "react-native-dropdown-picker": "^5.1.15",
      "react-native-gesture-handler": "~2.1.0",
      "react-native-maps": "0.29.4",
      "react-native-pager-view": "5.4.9",
      "react-native-permissions": "^3.0.0",
      "react-native-router-flux": "3.38.0",
  <<<<<<< HEAD
      "react-native-safe-area-context": "^3.3.2",
      "react-native-safe-area-view": "^1.1.1",
  =======
      "react-native-safe-area-context": "^3.4.1",
  >>>>>>> c1e740a90bc78820fb684e1344dad4eeab3e0acf
      "react-native-screens": "~3.10.1",
      "react-native-shared-element": "0.8.3",
      "react-native-simple-radio-button": "^2.7.4",
      "react-native-status-bar-height": "^2.6.0",
      "react-native-svg": "12.1.1",
      "react-native-switch-toggle": "^2.0.2",
      "react-native-tab-view": "^3.0.1",
      "react-native-vector-icons": "^7.1.0",
      "react-native-web": "0.17.1",
      "react-native-webview": "11.15.0",
      "react-navigation": "^4.4.4",
      "react-navigation-shared-element": "^5.0.0-alpha1",
      "react-navigation-stack": "^2.10.3",
      "react-redux": "^7.2.2",
      "redux": "^4.0.5",
      "redux-persist": "^6.0.0",
      "rn-sliding-up-panel": "^2.4.5",
      "styled-components": "^5.2.1",
      "yarn": "^1.22.10"
    },
    "devDependencies": {
      "@babel/core": "^7.12.9"
    },
    "private": true
  }

yarn manifest: 
  No manifest

Lockfile: 
  No lockfile
